app/build/intermediates/manifest_merge_blame_file/debug/manifest-merger-blame-debug-report.txt
1<?xml version="1.0" encoding="utf-8"?>
2<manifest xmlns:android="http://schemas.android.com/apk/res/android"
3    package="pe.com.minagri.mercados"
4    android:versionCode="1"
5    android:versionName="1.0" >
6
7    <uses-sdk
8        android:minSdkVersion="15"
8-->src/main/AndroidManifest.xml
9        android:targetSdkVersion="29" />
9-->src/main/AndroidManifest.xml
10
11    <uses-permission android:name="android.permission.ACCESS_FINE_LOCATION" />
11-->src/main/AndroidManifest.xml:5:5-79
11-->src/main/AndroidManifest.xml:5:22-76
12    <uses-permission android:name="android.permission.ACCESS_COARSE_LOCATION" />
12-->src/main/AndroidManifest.xml:6:5-81
12-->src/main/AndroidManifest.xml:6:22-78
13    <uses-permission android:name="android.permission.READ_EXTERNAL_STORAGE" />
13-->src/main/AndroidManifest.xml:7:5-80
13-->src/main/AndroidManifest.xml:7:22-77
14    <uses-permission android:name="android.permission.WRITE_EXTERNAL_STORAGE" />
14-->src/main/AndroidManifest.xml:8:5-81
14-->src/main/AndroidManifest.xml:8:22-78
15    <uses-permission android:name="android.permission.INTERNET" />
15-->src/main/AndroidManifest.xml:9:5-67
15-->src/main/AndroidManifest.xml:9:22-64
16    <uses-permission android:name="android.permission.READ_EXTERNAL_PERMISSION" />
16-->src/main/AndroidManifest.xml:10:5-83
16-->src/main/AndroidManifest.xml:10:22-80
17
18    <!-- Include required permissions for Google Maps API to run. -->
19    <uses-permission android:name="android.permission.ACCESS_NETWORK_STATE" />
19-->[com.google.android.gms:play-services-maps:17.0.0] AndroidManifest.xml:23:5-79
19-->[com.google.android.gms:play-services-maps:17.0.0] AndroidManifest.xml:23:22-76
20
21    <uses-feature
21-->[com.google.android.gms:play-services-maps:17.0.0] AndroidManifest.xml:26:5-28:35
22        android:glEsVersion="0x00020000"
22-->[com.google.android.gms:play-services-maps:17.0.0] AndroidManifest.xml:27:9-41
23        android:required="true" />
23-->[com.google.android.gms:play-services-maps:17.0.0] AndroidManifest.xml:28:9-32
24
25    <application
25-->src/main/AndroidManifest.xml:12:5-32:19
26        android:allowBackup="true"
26-->src/main/AndroidManifest.xml:13:9-35
27        android:appComponentFactory="androidx.core.app.CoreComponentFactory"
27-->[androidx.core:core:1.0.1] AndroidManifest.xml:22:18-86
28        android:debuggable="true"
29        android:icon="@drawable/mercado1"
29-->src/main/AndroidManifest.xml:14:9-42
30        android:label="@string/app_name"
30-->src/main/AndroidManifest.xml:15:9-41
31        android:roundIcon="@drawable/mercado1"
31-->src/main/AndroidManifest.xml:16:9-47
32        android:supportsRtl="true"
32-->src/main/AndroidManifest.xml:17:9-35
33        android:theme="@style/AppTheme" >
33-->src/main/AndroidManifest.xml:18:9-40
34        <activity android:name="pe.com.minagri.mercados.DashboardActivity" />
34-->src/main/AndroidManifest.xml:19:9-64
34-->src/main/AndroidManifest.xml:19:19-52
35        <activity android:name="pe.com.minagri.mercados.FichaActivity" />
35-->src/main/AndroidManifest.xml:20:9-51
35-->src/main/AndroidManifest.xml:20:19-48
36        <activity android:name="pe.com.minagri.mercados.MainActivity" >
36-->src/main/AndroidManifest.xml:21:9-27:20
36-->src/main/AndroidManifest.xml:21:19-47
37            <intent-filter>
37-->src/main/AndroidManifest.xml:22:13-26:29
38                <action android:name="android.intent.action.MAIN" />
38-->src/main/AndroidManifest.xml:23:17-69
38-->src/main/AndroidManifest.xml:23:25-66
39
40                <category android:name="android.intent.category.LAUNCHER" />
40-->src/main/AndroidManifest.xml:25:17-77
40-->src/main/AndroidManifest.xml:25:27-74
41            </intent-filter>
42        </activity>
43
44        <meta-data
44-->src/main/AndroidManifest.xml:29:9-31:55
45            android:name="com.google.android.geo.API_KEY"
45-->src/main/AndroidManifest.xml:30:13-58
46            android:value="@string/google_maps_key" />
46-->src/main/AndroidManifest.xml:31:13-52
47        <!-- Needs to be explicitly declared on P+ -->
48        <uses-library
48-->[com.google.android.gms:play-services-maps:17.0.0] AndroidManifest.xml:33:9-35:40
49            android:name="org.apache.http.legacy"
49-->[com.google.android.gms:play-services-maps:17.0.0] AndroidManifest.xml:34:13-50
50            android:required="false" />
50-->[com.google.android.gms:play-services-maps:17.0.0] AndroidManifest.xml:35:13-37
51
52        <meta-data
52-->[com.google.maps.android:android-maps-utils:0.4.4] AndroidManifest.xml:8:9-10:69
53            android:name="com.google.android.gms.version"
53-->[com.google.maps.android:android-maps-utils:0.4.4] AndroidManifest.xml:9:13-58
54            android:value="@integer/google_play_services_version" />
54-->[com.google.maps.android:android-maps-utils:0.4.4] AndroidManifest.xml:10:13-66
55
56        <activity
56-->[com.google.android.gms:play-services-base:17.0.0] AndroidManifest.xml:23:9-26:75
57            android:name="com.google.android.gms.common.api.GoogleApiActivity"
57-->[com.google.android.gms:play-services-base:17.0.0] AndroidManifest.xml:24:13-79
58            android:exported="false"
58-->[com.google.android.gms:play-services-base:17.0.0] AndroidManifest.xml:25:13-37
59            android:theme="@android:style/Theme.Translucent.NoTitleBar" />
59-->[com.google.android.gms:play-services-base:17.0.0] AndroidManifest.xml:26:13-72
60    </application>
61
62</manifest>